============================= test session starts ==============================
platform linux -- Python 3.11.13, pytest-9.0.1, pluggy-1.6.0 -- /home/runner/workspace/.pythonlibs/bin/python3
cachedir: .pytest_cache
rootdir: /home/runner/workspace
configfile: pyproject.toml
plugins: anyio-4.11.0, cov-7.0.0
collecting ... collected 75 items

tests/test_config_manager.py::TestConfigManager::test_config_defaults PASSED [  1%]
tests/test_config_manager.py::TestConfigManager::test_config_get_set PASSED [  2%]
tests/test_config_manager.py::TestConfigManager::test_config_nested_access PASSED [  4%]
tests/test_config_manager.py::TestConfigManager::test_config_validation PASSED [  5%]
tests/test_config_manager.py::TestConfig::test_config_get_method PASSED  [  6%]
tests/test_config_manager.py::TestConfig::test_config_set_method PASSED  [  8%]
tests/test_cooldown.py::TestCooldownManager::test_cooldown_expiration PASSED [  9%]
tests/test_cooldown.py::TestCooldownManager::test_get_cooldown_end_time PASSED [ 10%]
tests/test_cooldown.py::TestCooldownManager::test_persistence PASSED     [ 12%]
tests/test_cooldown.py::TestCooldownManager::test_update_and_check_cooldown PASSED [ 13%]
tests/test_cooldown.py::TestCooldownValidator::test_validate_schedule_no_violations PASSED [ 14%]
tests/test_cooldown.py::TestCooldownValidator::test_validate_schedule_with_violations PASSED [ 16%]
tests/test_file_manager.py::TestFileManager::test_backup_creation PASSED [ 17%]
tests/test_file_manager.py::TestFileManager::test_backup_gzip_compression PASSED [ 18%]
tests/test_file_manager.py::TestFileManager::test_backup_restoration PASSED [ 20%]
tests/test_file_manager.py::TestFileManager::test_list_backups PASSED    [ 21%]
tests/test_file_manager.py::TestFileManager::test_normalize_path PASSED  [ 22%]
tests/test_m3u_matrix.py::TestM3UMatrix::test_build_m3u_output FAILED    [ 24%]
tests/test_m3u_matrix.py::TestM3UMatrix::test_large_import_validation PASSED [ 25%]
tests/test_m3u_matrix.py::TestM3UMatrix::test_parse_extinf_line_basic FAILED [ 26%]
tests/test_m3u_matrix.py::TestM3UMatrix::test_parse_extinf_line_malformed FAILED [ 28%]
tests/test_m3u_matrix.py::TestM3UMatrix::test_parse_extinf_line_minimal FAILED [ 29%]
tests/test_m3u_matrix.py::TestM3UMatrix::test_uuid_generation PASSED     [ 30%]
tests/test_m3u_matrix.py::TestTagHandling::test_custom_tags PASSED       [ 32%]
tests/test_m3u_matrix.py::TestTagHandling::test_tag_standardization PASSED [ 33%]
tests/test_m3u_matrix_comprehensive.py::TestM3UMatrixComprehensive::test_channel_validation_404 FAILED [ 34%]
tests/test_m3u_matrix_comprehensive.py::TestM3UMatrixComprehensive::test_channel_validation_performance FAILED [ 36%]
tests/test_m3u_matrix_comprehensive.py::TestM3UMatrixComprehensive::test_channel_validation_timeout FAILED [ 37%]
tests/test_m3u_matrix_comprehensive.py::TestM3UMatrixComprehensive::test_concurrent_file_generation FAILED [ 38%]
tests/test_m3u_matrix_comprehensive.py::TestM3UMatrixComprehensive::test_concurrent_json_access PASSED [ 40%]
tests/test_m3u_matrix_comprehensive.py::TestM3UMatrixComprehensive::test_corrupted_json_recovery FAILED [ 41%]
tests/test_m3u_matrix_comprehensive.py::TestM3UMatrixComprehensive::test_disk_full_simulation PASSED [ 42%]
tests/test_m3u_matrix_comprehensive.py::TestM3UMatrixComprehensive::test_empty_m3u_file FAILED [ 44%]
tests/test_m3u_matrix_comprehensive.py::TestM3UMatrixComprehensive::test_json_empty_file_regression PASSED [ 45%]
tests/test_m3u_matrix_comprehensive.py::TestM3UMatrixComprehensive::test_large_playlist_parsing FAILED [ 46%]
tests/test_m3u_matrix_comprehensive.py::TestM3UMatrixComprehensive::test_malformed_m3u_recovery FAILED [ 48%]
tests/test_m3u_matrix_comprehensive.py::TestM3UMatrixComprehensive::test_memory_efficient_parsing FAILED [ 49%]
tests/test_m3u_matrix_comprehensive.py::TestM3UMatrixComprehensive::test_page_generation_performance PASSED [ 50%]
tests/test_m3u_matrix_comprehensive.py::TestM3UMatrixComprehensive::test_path_traversal_prevention FAILED [ 52%]
tests/test_m3u_matrix_comprehensive.py::TestM3UMatrixComprehensive::test_permission_denied_handling PASSED [ 53%]
tests/test_m3u_matrix_comprehensive.py::TestM3UMatrixComprehensive::test_special_characters_in_channel_names FAILED [ 54%]
tests/test_m3u_matrix_comprehensive.py::TestM3UMatrixComprehensive::test_unicode_in_json PASSED [ 56%]
tests/test_m3u_matrix_comprehensive.py::TestM3UMatrixComprehensive::test_url_encoding_regression FAILED [ 57%]
tests/test_m3u_matrix_comprehensive.py::TestM3UMatrixComprehensive::test_windows_reserved_names PASSED [ 58%]
tests/test_m3u_matrix_comprehensive.py::TestRedisIntegration::test_redis_connection_failure FAILED [ 60%]
tests/test_m3u_matrix_comprehensive.py::TestRedisIntegration::test_redis_timeout_handling FAILED [ 61%]
tests/test_m3u_matrix_comprehensive.py::TestSecurityFeatures::test_command_injection_prevention FAILED [ 62%]
tests/test_m3u_matrix_comprehensive.py::TestSecurityFeatures::test_sql_injection_prevention FAILED [ 64%]
tests/test_m3u_matrix_comprehensive.py::TestSecurityFeatures::test_xss_prevention_in_channel_names FAILED [ 65%]
tests/test_scheduling.py::TestScheduleEngine::test_category_balancing PASSED [ 66%]
tests/test_scheduling.py::TestScheduleEngine::test_create_schedule_intelligent PASSED [ 68%]
tests/test_scheduling.py::TestScheduleEngine::test_optimize_for_conflict_detection PASSED [ 69%]
tests/test_scheduling.py::TestScheduleEngine::test_schedule_with_empty_videos PASSED [ 70%]
tests/test_threading.py::TestThreadPool::test_pool_status PASSED         [ 72%]
tests/test_threading.py::TestThreadPool::test_submit_batch PASSED        [ 73%]
tests/test_threading.py::TestThreadPool::test_submit_task PASSED         [ 74%]
tests/test_threading.py::TestThreadPool::test_task_error_handling FAILED [ 76%]
tests/test_threading.py::TestThreadPool::test_wait_all PASSED            [ 77%]
tests/test_timestamps.py::TestTimestampParser::test_normalize_to_utc PASSED [ 78%]
tests/test_timestamps.py::TestTimestampParser::test_parse_empty_timestamp PASSED [ 80%]
tests/test_timestamps.py::TestTimestampParser::test_parse_invalid_timestamp PASSED [ 81%]
tests/test_timestamps.py::TestTimestampParser::test_parse_iso8601_utc_conversion FAILED [ 82%]
tests/test_timestamps.py::TestTimestampParser::test_parse_iso8601_with_offset FAILED [ 84%]
tests/test_timestamps.py::TestTimestampParser::test_parse_iso8601_with_z FAILED [ 85%]
tests/test_timestamps.py::TestTimestampParser::test_to_iso8601 PASSED    [ 86%]
tests/test_validation.py::TestScheduleValidator::test_validate_full_schedule PASSED [ 88%]
tests/test_validation.py::TestScheduleValidator::test_validate_invalid_duration PASSED [ 89%]
tests/test_validation.py::TestScheduleValidator::test_validate_missing_field PASSED [ 90%]
tests/test_validation.py::TestScheduleValidator::test_validate_valid_event PASSED [ 92%]
tests/test_validation.py::TestDuplicateDetector::test_content_hash PASSED [ 93%]
tests/test_validation.py::TestDuplicateDetector::test_exact_duplicates PASSED [ 94%]
tests/test_validation.py::TestDuplicateDetector::test_no_duplicates PASSED [ 96%]
tests/test_validation.py::TestConflictDetector::test_no_overlaps PASSED  [ 97%]
tests/test_validation.py::TestConflictDetector::test_overlapping_events PASSED [ 98%]
tests/test_validation.py::TestConflictDetector::test_validate_no_conflicts PASSED [100%]

=================================== FAILURES ===================================
_____________________ TestM3UMatrix.test_build_m3u_output ______________________
tests/test_m3u_matrix.py:101: in test_build_m3u_output
    from M3U_MATRIX_PRO import M3UMatrix
E   ModuleNotFoundError: No module named 'M3U_MATRIX_PRO'
__________________ TestM3UMatrix.test_parse_extinf_line_basic __________________
tests/test_m3u_matrix.py:33: in test_parse_extinf_line_basic
    from M3U_MATRIX_PRO import M3UMatrix
E   ModuleNotFoundError: No module named 'M3U_MATRIX_PRO'
________________ TestM3UMatrix.test_parse_extinf_line_malformed ________________
tests/test_m3u_matrix.py:79: in test_parse_extinf_line_malformed
    from M3U_MATRIX_PRO import M3UMatrix
E   ModuleNotFoundError: No module named 'M3U_MATRIX_PRO'
_________________ TestM3UMatrix.test_parse_extinf_line_minimal _________________
tests/test_m3u_matrix.py:57: in test_parse_extinf_line_minimal
    from M3U_MATRIX_PRO import M3UMatrix
E   ModuleNotFoundError: No module named 'M3U_MATRIX_PRO'
____________ TestM3UMatrixComprehensive.test_channel_validation_404 ____________
tests/test_m3u_matrix_comprehensive.py:337: in test_channel_validation_404
    result = matrix.validate_channel("http://notfound.example.com/stream.m3u8")
             ^^^^^^^^^^^^^^^^^^^^^^^
E   AttributeError: 'MockMatrix' object has no attribute 'validate_channel'
----------------------------- Captured stdout call -----------------------------
Page generators loaded (development mode)
________ TestM3UMatrixComprehensive.test_channel_validation_performance ________
tests/test_m3u_matrix_comprehensive.py:528: in test_channel_validation_performance
    with patch.object(matrix, 'validate_channel', return_value='valid'):
/nix/store/7d088dip86hlzri9sk0h78b63yfmx0a0-python3-3.11.13/lib/python3.11/unittest/mock.py:1446: in __enter__
    original, local = self.get_original()
                      ^^^^^^^^^^^^^^^^^^^
/nix/store/7d088dip86hlzri9sk0h78b63yfmx0a0-python3-3.11.13/lib/python3.11/unittest/mock.py:1419: in get_original
    raise AttributeError(
E   AttributeError: <tests.test_m3u_matrix_comprehensive.TestM3UMatrixComprehensive.test_channel_validation_performance.<locals>.MockMatrix object at 0x7fed5186a690> does not have the attribute 'validate_channel'
__________ TestM3UMatrixComprehensive.test_channel_validation_timeout __________
tests/test_m3u_matrix_comprehensive.py:315: in test_channel_validation_timeout
    result = matrix.validate_channel("http://timeout.example.com/stream.m3u8")
             ^^^^^^^^^^^^^^^^^^^^^^^
E   AttributeError: 'MockMatrix' object has no attribute 'validate_channel'
__________ TestM3UMatrixComprehensive.test_concurrent_file_generation __________
tests/test_m3u_matrix_comprehensive.py:376: in test_concurrent_file_generation
    self.assertEqual(len(errors), 0, f"Errors occurred: {errors}")
E   AssertionError: 5 != 0 : Errors occurred: [FileNotFoundError('Template not found: /home/runner/workspace/Web_Players/nexus_tv.html'), FileNotFoundError('Template not found: /home/runner/workspace/Web_Players/nexus_tv.html'), FileNotFoundError('Template not found: /home/runner/workspace/Web_Players/nexus_tv.html'), FileNotFoundError('Template not found: /home/runner/workspace/Web_Players/nexus_tv.html'), FileNotFoundError('Template not found: /home/runner/workspace/Web_Players/nexus_tv.html')]
___________ TestM3UMatrixComprehensive.test_corrupted_json_recovery ____________
tests/test_m3u_matrix_comprehensive.py:273: in test_corrupted_json_recovery
    self.assertIsInstance(data, dict)
E   AssertionError: None is not an instance of <class 'dict'>
________________ TestM3UMatrixComprehensive.test_empty_m3u_file ________________
tests/test_m3u_matrix_comprehensive.py:234: in test_empty_m3u_file
    matrix.parse_m3u_file(str(self.test_file))
    ^^^^^^^^^^^^^^^^^^^^^
E   AttributeError: 'MockMatrix' object has no attribute 'parse_m3u_file'
____________ TestM3UMatrixComprehensive.test_large_playlist_parsing ____________
tests/test_m3u_matrix_comprehensive.py:124: in test_large_playlist_parsing
    matrix.parse_m3u_file(str(self.test_file))
    ^^^^^^^^^^^^^^^^^^^^^
E   AttributeError: 'MockMatrix' object has no attribute 'parse_m3u_file'
____________ TestM3UMatrixComprehensive.test_malformed_m3u_recovery ____________
tests/test_m3u_matrix_comprehensive.py:212: in test_malformed_m3u_recovery
    matrix.parse_m3u_file(str(self.test_file))
    ^^^^^^^^^^^^^^^^^^^^^
E   AttributeError: 'MockMatrix' object has no attribute 'parse_m3u_file'

During handling of the above exception, another exception occurred:
tests/test_m3u_matrix_comprehensive.py:216: in test_malformed_m3u_recovery
    self.fail(f"Failed to handle malformed M3U: {e}")
E   AssertionError: Failed to handle malformed M3U: 'MockMatrix' object has no attribute 'parse_m3u_file'
___________ TestM3UMatrixComprehensive.test_memory_efficient_parsing ___________
tests/test_m3u_matrix_comprehensive.py:136: in test_memory_efficient_parsing
    import psutil
E   ModuleNotFoundError: No module named 'psutil'
__________ TestM3UMatrixComprehensive.test_path_traversal_prevention ___________
tests/test_m3u_matrix_comprehensive.py:93: in test_path_traversal_prevention
    self.assertNotIn("..", sanitized)
E   AssertionError: '..' unexpectedly found in 'channel_.._.._.._root'
_____ TestM3UMatrixComprehensive.test_special_characters_in_channel_names ______
tests/test_m3u_matrix_comprehensive.py:63: in test_special_characters_in_channel_names
    result = matrix.parse_extinf_line(line)
             ^^^^^^^^^^^^^^^^^^^^^^^^
E   AttributeError: 'MockMatrix' object has no attribute 'parse_extinf_line'
___________ TestM3UMatrixComprehensive.test_url_encoding_regression ____________
tests/test_m3u_matrix_comprehensive.py:484: in test_url_encoding_regression
    result = matrix.parse_extinf_line(line)
             ^^^^^^^^^^^^^^^^^^^^^^^^
E   AttributeError: 'MockMatrix' object has no attribute 'parse_extinf_line'
______________ TestRedisIntegration.test_redis_connection_failure ______________
/nix/store/7d088dip86hlzri9sk0h78b63yfmx0a0-python3-3.11.13/lib/python3.11/unittest/mock.py:1375: in patched
    with self.decoration_helper(patched,
/nix/store/7d088dip86hlzri9sk0h78b63yfmx0a0-python3-3.11.13/lib/python3.11/contextlib.py:137: in __enter__
    return next(self.gen)
           ^^^^^^^^^^^^^^
/nix/store/7d088dip86hlzri9sk0h78b63yfmx0a0-python3-3.11.13/lib/python3.11/unittest/mock.py:1357: in decoration_helper
    arg = exit_stack.enter_context(patching)
          ^^^^^^^^^^^^^^^^^^^^^^^^^^^^^^^^^^
/nix/store/7d088dip86hlzri9sk0h78b63yfmx0a0-python3-3.11.13/lib/python3.11/contextlib.py:517: in enter_context
    result = _enter(cm)
             ^^^^^^^^^^
/nix/store/7d088dip86hlzri9sk0h78b63yfmx0a0-python3-3.11.13/lib/python3.11/unittest/mock.py:1446: in __enter__
    original, local = self.get_original()
                      ^^^^^^^^^^^^^^^^^^^
/nix/store/7d088dip86hlzri9sk0h78b63yfmx0a0-python3-3.11.13/lib/python3.11/unittest/mock.py:1419: in get_original
    raise AttributeError(
E   AttributeError: <module 'redis' (<_frozen_importlib_external.NamespaceLoader object at 0x7fed34b6cb10>)> does not have the attribute 'Redis'
_______________ TestRedisIntegration.test_redis_timeout_handling _______________
/nix/store/7d088dip86hlzri9sk0h78b63yfmx0a0-python3-3.11.13/lib/python3.11/unittest/mock.py:1375: in patched
    with self.decoration_helper(patched,
/nix/store/7d088dip86hlzri9sk0h78b63yfmx0a0-python3-3.11.13/lib/python3.11/contextlib.py:137: in __enter__
    return next(self.gen)
           ^^^^^^^^^^^^^^
/nix/store/7d088dip86hlzri9sk0h78b63yfmx0a0-python3-3.11.13/lib/python3.11/unittest/mock.py:1357: in decoration_helper
    arg = exit_stack.enter_context(patching)
          ^^^^^^^^^^^^^^^^^^^^^^^^^^^^^^^^^^
/nix/store/7d088dip86hlzri9sk0h78b63yfmx0a0-python3-3.11.13/lib/python3.11/contextlib.py:517: in enter_context
    result = _enter(cm)
             ^^^^^^^^^^
/nix/store/7d088dip86hlzri9sk0h78b63yfmx0a0-python3-3.11.13/lib/python3.11/unittest/mock.py:1446: in __enter__
    original, local = self.get_original()
                      ^^^^^^^^^^^^^^^^^^^
/nix/store/7d088dip86hlzri9sk0h78b63yfmx0a0-python3-3.11.13/lib/python3.11/unittest/mock.py:1419: in get_original
    raise AttributeError(
E   AttributeError: <module 'redis' (<_frozen_importlib_external.NamespaceLoader object at 0x7fed34b6cb10>)> does not have the attribute 'Redis'
____________ TestSecurityFeatures.test_command_injection_prevention ____________
tests/test_m3u_matrix_comprehensive.py:656: in test_command_injection_prevention
    self.assertNotIn(";", sanitized)
E   AssertionError: ';' unexpectedly found in 'channel;_rm_-rf'
______________ TestSecurityFeatures.test_sql_injection_prevention ______________
tests/test_m3u_matrix_comprehensive.py:636: in test_sql_injection_prevention
    self.assertNotIn("DROP", sanitized.upper())
E   AssertionError: 'DROP' unexpectedly found in "CHANNEL';_DROP_TABLE_USERS;--"
__________ TestSecurityFeatures.test_xss_prevention_in_channel_names ___________
tests/test_m3u_matrix_comprehensive.py:617: in test_xss_prevention_in_channel_names
    self.assertNotIn("<script>", cleaned)
E   AssertionError: '<script>' unexpectedly found in "<script>alert('XSS')</script>"
___________________ TestThreadPool.test_task_error_handling ____________________
tests/test_threading.py:59: in test_task_error_handling
    self.assertIn("failing_task", self.pool.errors)
E   AssertionError: 'failing_task' not found in {}
------------------------------ Captured log call -------------------------------
ERROR    core.threading_manager:threading_manager.py:86 Task failing_task failed (attempt 1): Test error
ERROR    core.threading_manager:threading_manager.py:86 Task failing_task failed (attempt 2): Test error
ERROR    core.threading_manager:threading_manager.py:86 Task failing_task failed (attempt 3): Test error
ERROR    core.threading_manager:threading_manager.py:86 Task failing_task failed (attempt 4): Test error
ERROR    core.threading_manager:threading_manager.py:94 Task failing_task exhausted retries
____________ TestTimestampParser.test_parse_iso8601_utc_conversion _____________
tests/test_timestamps.py:40: in test_parse_iso8601_utc_conversion
    self.assertEqual(parsed.hour, 10)
                     ^^^^^^^^^^^
E   AttributeError: 'NoneType' object has no attribute 'hour'
------------------------------ Captured log call -------------------------------
ERROR    core.timestamps:timestamps.py:39 Failed to parse timestamp '2025-12-01T15:00:00+05:00': 'DateTime' object has no attribute 'datetime'
______________ TestTimestampParser.test_parse_iso8601_with_offset ______________
tests/test_timestamps.py:31: in test_parse_iso8601_with_offset
    self.assertIsNotNone(parsed)
E   AssertionError: unexpectedly None
------------------------------ Captured log call -------------------------------
ERROR    core.timestamps:timestamps.py:39 Failed to parse timestamp '2025-12-01T10:00:00+05:00': 'DateTime' object has no attribute 'datetime'
________________ TestTimestampParser.test_parse_iso8601_with_z _________________
tests/test_timestamps.py:21: in test_parse_iso8601_with_z
    self.assertIsNotNone(parsed)
E   AssertionError: unexpectedly None
------------------------------ Captured log call -------------------------------
ERROR    core.timestamps:timestamps.py:39 Failed to parse timestamp '2025-12-01T10:00:00+00:00': 'DateTime' object has no attribute 'datetime'
================================ tests coverage ================================
_______________ coverage: platform linux, python 3.11.13-final-0 _______________

Name                                  Stmts   Miss  Cover   Missing
-------------------------------------------------------------------
src/M3U_Matrix_Pro_Refactored.py         80     80     0%   17-189
src/api/__init__.py                       2      2     0%   7-9
src/api/launcher.py                      14     14     0%   7-41
src/api/server.py                       462    462     0%   15-832
src/core/__init__.py                      5      0   100%
src/core/auth.py                         32     32     0%   8-57
src/core/backup.py                       93     93     0%   7-147
src/core/cache.py                        52     52     0%   7-93
src/core/config_manager.py               82     31    62%   31, 123-133, 142-146, 158-168, 182-183, 195-197
src/core/cooldown.py                     81     16    80%   34, 36-40, 47, 56-57, 62, 76, 87, 117, 122, 131-132
src/core/database.py                    134    134     0%   7-239
src/core/file_handler.py                101     89    12%   21, 39-108, 112-141, 153-178, 191-202
src/core/file_manager.py                108     43    60%   51-52, 79-81, 97-98, 103-106, 114-116, 127-130, 135, 148-161, 173-174, 178-180, 184-198
src/core/logging_manager.py              59     59     0%   6-141
src/core/models.py                       51      6    88%   32, 58, 76, 80, 84, 103
src/core/paths.py                        85     85     0%   7-143
src/core/progress.py                     67     67     0%   7-121
src/core/scheduler.py                    58     45    22%   25, 46-101, 105-109, 122-139, 145-148
src/core/scheduling.py                   66     11    83%   50, 70-71, 89, 139-146
src/core/stripper.py                    116    116     0%   8-224
src/core/threading_manager.py            90     18    80%   66-68, 97-99, 141-146, 173, 177-180, 190-192
src/core/timestamps.py                   46     15    67%   33, 46, 51, 59, 65-77
src/core/user_manager.py                 58     58     0%   7-107
src/core/validation.py                   73     10    86%   30-31, 38-39, 51, 67-70, 131-132
src/core/validator.py                    34     23    32%   28-29, 41-85, 107-120
src/core/versioning.py                   96     96     0%   7-177
src/m3u_matrix_redis_integration.py      11     11     0%   7-158
src/models/__init__.py                    1      1     0%   6
src/services/__init__.py                  1      1     0%   6
src/stripper/__init__.py                  0      0   100%
src/stripper/enhanced_stripper.py       128    128     0%   6-231
src/ui/__init__.py                        1      1     0%   6
src/utils/__init__.py                     3      3     0%   7-21
src/utils/dependency_checker.py         183    183     0%   6-312
-------------------------------------------------------------------
TOTAL                                  2473   1985    20%
=========================== short test summary info ============================
FAILED tests/test_m3u_matrix.py::TestM3UMatrix::test_build_m3u_output - Modul...
FAILED tests/test_m3u_matrix.py::TestM3UMatrix::test_parse_extinf_line_basic
FAILED tests/test_m3u_matrix.py::TestM3UMatrix::test_parse_extinf_line_malformed
FAILED tests/test_m3u_matrix.py::TestM3UMatrix::test_parse_extinf_line_minimal
FAILED tests/test_m3u_matrix_comprehensive.py::TestM3UMatrixComprehensive::test_channel_validation_404
FAILED tests/test_m3u_matrix_comprehensive.py::TestM3UMatrixComprehensive::test_channel_validation_performance
FAILED tests/test_m3u_matrix_comprehensive.py::TestM3UMatrixComprehensive::test_channel_validation_timeout
FAILED tests/test_m3u_matrix_comprehensive.py::TestM3UMatrixComprehensive::test_concurrent_file_generation
FAILED tests/test_m3u_matrix_comprehensive.py::TestM3UMatrixComprehensive::test_corrupted_json_recovery
FAILED tests/test_m3u_matrix_comprehensive.py::TestM3UMatrixComprehensive::test_empty_m3u_file
FAILED tests/test_m3u_matrix_comprehensive.py::TestM3UMatrixComprehensive::test_large_playlist_parsing
FAILED tests/test_m3u_matrix_comprehensive.py::TestM3UMatrixComprehensive::test_malformed_m3u_recovery
FAILED tests/test_m3u_matrix_comprehensive.py::TestM3UMatrixComprehensive::test_memory_efficient_parsing
FAILED tests/test_m3u_matrix_comprehensive.py::TestM3UMatrixComprehensive::test_path_traversal_prevention
FAILED tests/test_m3u_matrix_comprehensive.py::TestM3UMatrixComprehensive::test_special_characters_in_channel_names
FAILED tests/test_m3u_matrix_comprehensive.py::TestM3UMatrixComprehensive::test_url_encoding_regression
FAILED tests/test_m3u_matrix_comprehensive.py::TestRedisIntegration::test_redis_connection_failure
FAILED tests/test_m3u_matrix_comprehensive.py::TestRedisIntegration::test_redis_timeout_handling
FAILED tests/test_m3u_matrix_comprehensive.py::TestSecurityFeatures::test_command_injection_prevention
FAILED tests/test_m3u_matrix_comprehensive.py::TestSecurityFeatures::test_sql_injection_prevention
FAILED tests/test_m3u_matrix_comprehensive.py::TestSecurityFeatures::test_xss_prevention_in_channel_names
FAILED tests/test_threading.py::TestThreadPool::test_task_error_handling - As...
FAILED tests/test_timestamps.py::TestTimestampParser::test_parse_iso8601_utc_conversion
FAILED tests/test_timestamps.py::TestTimestampParser::test_parse_iso8601_with_offset
FAILED tests/test_timestamps.py::TestTimestampParser::test_parse_iso8601_with_z
======================== 25 failed, 50 passed in 11.56s ========================
